# JRE version: OpenJDK Runtime Environment (8.0_242-b01) (build 1.8.0_242-release-1644-b01)
# Java VM: OpenJDK 64-Bit Server VM (25.242-b01 mixed mode windows-amd64 compressed oops)
Heap:
 PSYoungGen      total 141824K, used 46820K [0x00000000d5580000, 0x00000000dea80000, 0x0000000100000000)
  eden space 131072K, 35% used [0x00000000d5580000,0x00000000d83391f8,0x00000000dd580000)
  from space 10752K, 0% used [0x00000000dd580000,0x00000000dd580000,0x00000000de000000)
  to   space 10752K, 0% used [0x00000000de000000,0x00000000de000000,0x00000000dea80000)
 ParOldGen       total 119808K, used 12071K [0x0000000080000000, 0x0000000087500000, 0x00000000d5580000)
  object space 119808K, 10% used [0x0000000080000000,0x0000000080bc9d98,0x0000000087500000)
 Metaspace       used 26826K, capacity 27462K, committed 27648K, reserved 1077248K
  class space    used 3533K, capacity 3729K, committed 3840K, reserved 1048576K
GC Heap History (8 events):
Event: 4.020 GC heap before
{Heap before GC invocations=1 (full 0):
 PSYoungGen      total 76288K, used 65536K [0x00000000d5580000, 0x00000000daa80000, 0x0000000100000000)
  eden space 65536K, 100% used [0x00000000d5580000,0x00000000d9580000,0x00000000d9580000)
  from space 10752K, 0% used [0x00000000da000000,0x00000000da000000,0x00000000daa80000)
  to   space 10752K, 0% used [0x00000000d9580000,0x00000000d9580000,0x00000000da000000)
 ParOldGen       total 175104K, used 0K [0x0000000080000000, 0x000000008ab00000, 0x00000000d5580000)
  object space 175104K, 0% used [0x0000000080000000,0x0000000080000000,0x000000008ab00000)
 Metaspace       used 7127K, capacity 7364K, committed 7680K, reserved 1056768K
  class space    used 840K, capacity 944K, committed 1024K, reserved 1048576K
Event: 4.092 GC heap after
Heap after GC invocations=1 (full 0):
 PSYoungGen      total 76288K, used 5519K [0x00000000d5580000, 0x00000000dea80000, 0x0000000100000000)
  eden space 65536K, 0% used [0x00000000d5580000,0x00000000d5580000,0x00000000d9580000)
  from space 10752K, 51% used [0x00000000d9580000,0x00000000d9ae3ca0,0x00000000da000000)
  to   space 10752K, 0% used [0x00000000de000000,0x00000000de000000,0x00000000dea80000)
 ParOldGen       total 175104K, used 16K [0x0000000080000000, 0x000000008ab00000, 0x00000000d5580000)
  object space 175104K, 0% used [0x0000000080000000,0x0000000080004000,0x000000008ab00000)
 Metaspace       used 7127K, capacity 7364K, committed 7680K, reserved 1056768K
  class space    used 840K, capacity 944K, committed 1024K, reserved 1048576K
}
Event: 6.590 GC heap before
{Heap before GC invocations=2 (full 0):
 PSYoungGen      total 76288K, used 71055K [0x00000000d5580000, 0x00000000dea80000, 0x0000000100000000)
  eden space 65536K, 100% used [0x00000000d5580000,0x00000000d9580000,0x00000000d9580000)
  from space 10752K, 51% used [0x00000000d9580000,0x00000000d9ae3ca0,0x00000000da000000)
  to   space 10752K, 0% used [0x00000000de000000,0x00000000de000000,0x00000000dea80000)
 ParOldGen       total 175104K, used 16K [0x0000000080000000, 0x000000008ab00000, 0x00000000d5580000)
  object space 175104K, 0% used [0x0000000080000000,0x0000000080004000,0x000000008ab00000)
 Metaspace       used 14711K, capacity 15114K, committed 15360K, reserved 1062912K
  class space    used 1894K, capacity 2027K, committed 2048K, reserved 1048576K
Event: 6.614 GC heap after
Heap after GC invocations=2 (full 0):
 PSYoungGen      total 141824K, used 9716K [0x00000000d5580000, 0x00000000dea80000, 0x0000000100000000)
  eden space 131072K, 0% used [0x00000000d5580000,0x00000000d5580000,0x00000000dd580000)
  from space 10752K, 90% used [0x00000000de000000,0x00000000de97d1e8,0x00000000dea80000)
  to   space 10752K, 0% used [0x00000000dd580000,0x00000000dd580000,0x00000000de000000)
 ParOldGen       total 175104K, used 24K [0x0000000080000000, 0x000000008ab00000, 0x00000000d5580000)
  object space 175104K, 0% used [0x0000000080000000,0x0000000080006000,0x000000008ab00000)
 Metaspace       used 14711K, capacity 15114K, committed 15360K, reserved 1062912K
  class space    used 1894K, capacity 2027K, committed 2048K, reserved 1048576K
}
Event: 11.207 GC heap before
{Heap before GC invocations=3 (full 0):
 PSYoungGen      total 141824K, used 88452K [0x00000000d5580000, 0x00000000dea80000, 0x0000000100000000)
  eden space 131072K, 60% used [0x00000000d5580000,0x00000000da263eb0,0x00000000dd580000)
  from space 10752K, 90% used [0x00000000de000000,0x00000000de97d1e8,0x00000000dea80000)
  to   space 10752K, 0% used [0x00000000dd580000,0x00000000dd580000,0x00000000de000000)
 ParOldGen       total 175104K, used 24K [0x0000000080000000, 0x000000008ab00000, 0x00000000d5580000)
  object space 175104K, 0% used [0x0000000080000000,0x0000000080006000,0x000000008ab00000)
 Metaspace       used 20529K, capacity 21126K, committed 21248K, reserved 1067008K
  class space    used 2768K, capacity 2986K, committed 3072K, reserved 1048576K
Event: 11.257 GC heap after
Heap after GC invocations=3 (full 0):
 PSYoungGen      total 141824K, used 10744K [0x00000000d5580000, 0x00000000dea80000, 0x0000000100000000)
  eden space 131072K, 0% used [0x00000000d5580000,0x00000000d5580000,0x00000000dd580000)
  from space 10752K, 99% used [0x00000000dd580000,0x00000000ddffe258,0x00000000de000000)
  to   space 10752K, 0% used [0x00000000de000000,0x00000000de000000,0x00000000dea80000)
 ParOldGen       total 175104K, used 1861K [0x0000000080000000, 0x000000008ab00000, 0x00000000d5580000)
  object space 175104K, 1% used [0x0000000080000000,0x00000000801d15c8,0x000000008ab00000)
 Metaspace       used 20529K, capacity 21126K, committed 21248K, reserved 1067008K
  class space    used 2768K, capacity 2986K, committed 3072K, reserved 1048576K
}
Event: 11.257 GC heap before
{Heap before GC invocations=4 (full 1):
 PSYoungGen      total 141824K, used 10744K [0x00000000d5580000, 0x00000000dea80000, 0x0000000100000000)
  eden space 131072K, 0% used [0x00000000d5580000,0x00000000d5580000,0x00000000dd580000)
  from space 10752K, 99% used [0x00000000dd580000,0x00000000ddffe258,0x00000000de000000)
  to   space 10752K, 0% used [0x00000000de000000,0x00000000de000000,0x00000000dea80000)
 ParOldGen       total 175104K, used 1861K [0x0000000080000000, 0x000000008ab00000, 0x00000000d5580000)
  object space 175104K, 1% used [0x0000000080000000,0x00000000801d15c8,0x000000008ab00000)
 Metaspace       used 20529K, capacity 21126K, committed 21248K, reserved 1067008K
  class space    used 2768K, capacity 2986K, committed 3072K, reserved 1048576K
Event: 11.434 GC heap after
Heap after GC invocations=4 (full 1):
 PSYoungGen      total 141824K, used 0K [0x00000000d5580000, 0x00000000dea80000, 0x0000000100000000)
  eden space 131072K, 0% used [0x00000000d5580000,0x00000000d5580000,0x00000000dd580000)
  from space 10752K, 0% used [0x00000000dd580000,0x00000000dd580000,0x00000000de000000)
  to   space 10752K, 0% used [0x00000000de000000,0x00000000de000000,0x00000000dea80000)
 ParOldGen       total 119808K, used 12071K [0x0000000080000000, 0x0000000087500000, 0x00000000d5580000)
  object space 119808K, 10% used [0x0000000080000000,0x0000000080bc9d98,0x0000000087500000)
 Metaspace       used 20529K, capacity 21126K, committed 21248K, reserved 1067008K
  class space    used 2768K, capacity 2986K, committed 3072K, reserved 1048576K
}

