# JRE version: OpenJDK Runtime Environment (8.0_242-b01) (build 1.8.0_242-release-1644-b01)
# Java VM: OpenJDK 64-Bit Server VM (25.242-b01 mixed mode windows-amd64 compressed oops)
Heap:
 PSYoungGen      total 485888K, used 214657K [0x00000000d5580000, 0x00000000fd680000, 0x0000000100000000)
  eden space 380928K, 29% used [0x00000000d5580000,0x00000000dc42c118,0x00000000ec980000)
  from space 104960K, 96% used [0x00000000f3d00000,0x00000000f9ff46a0,0x00000000fa380000)
  to   space 118272K, 0% used [0x00000000ec980000,0x00000000ec980000,0x00000000f3d00000)
 ParOldGen       total 340992K, used 51803K [0x0000000080000000, 0x0000000094d00000, 0x00000000d5580000)
  object space 340992K, 15% used [0x0000000080000000,0x0000000083296ed0,0x0000000094d00000)
 Metaspace       used 109984K, capacity 118658K, committed 118912K, reserved 1153024K
  class space    used 13929K, capacity 15397K, committed 15488K, reserved 1048576K
GC Heap History (10 events):
Event: 9154.927 GC heap before
{Heap before GC invocations=46 (full 6):
 PSYoungGen      total 434688K, used 434456K [0x00000000d5580000, 0x00000000f9a80000, 0x0000000100000000)
  eden space 398336K, 100% used [0x00000000d5580000,0x00000000eda80000,0x00000000eda80000)
  from space 36352K, 99% used [0x00000000ee700000,0x00000000f0a460f8,0x00000000f0a80000)
  to   space 98304K, 0% used [0x00000000f3a80000,0x00000000f3a80000,0x00000000f9a80000)
 ParOldGen       total 340992K, used 48304K [0x0000000080000000, 0x0000000094d00000, 0x00000000d5580000)
  object space 340992K, 14% used [0x0000000080000000,0x0000000082f2c328,0x0000000094d00000)
 Metaspace       used 109520K, capacity 118044K, committed 118400K, reserved 1153024K
  class space    used 13901K, capacity 15362K, committed 15488K, reserved 1048576K
Event: 9154.994 GC heap after
Heap after GC invocations=46 (full 6):
 PSYoungGen      total 481280K, used 98288K [0x00000000d5580000, 0x00000000fd480000, 0x0000000100000000)
  eden space 382976K, 0% used [0x00000000d5580000,0x00000000d5580000,0x00000000ecb80000)
  from space 98304K, 99% used [0x00000000f3a80000,0x00000000f9a7c298,0x00000000f9a80000)
  to   space 113664K, 0% used [0x00000000ecb80000,0x00000000ecb80000,0x00000000f3a80000)
 ParOldGen       total 340992K, used 51771K [0x0000000080000000, 0x0000000094d00000, 0x00000000d5580000)
  object space 340992K, 15% used [0x0000000080000000,0x000000008328eed0,0x0000000094d00000)
 Metaspace       used 109520K, capacity 118044K, committed 118400K, reserved 1153024K
  class space    used 13901K, capacity 15362K, committed 15488K, reserved 1048576K
}
Event: 9284.817 GC heap before
{Heap before GC invocations=47 (full 6):
 PSYoungGen      total 481280K, used 481264K [0x00000000d5580000, 0x00000000fd480000, 0x0000000100000000)
  eden space 382976K, 100% used [0x00000000d5580000,0x00000000ecb80000,0x00000000ecb80000)
  from space 98304K, 99% used [0x00000000f3a80000,0x00000000f9a7c298,0x00000000f9a80000)
  to   space 113664K, 0% used [0x00000000ecb80000,0x00000000ecb80000,0x00000000f3a80000)
 ParOldGen       total 340992K, used 51771K [0x0000000080000000, 0x0000000094d00000, 0x00000000d5580000)
  object space 340992K, 15% used [0x0000000080000000,0x000000008328eed0,0x0000000094d00000)
 Metaspace       used 109688K, capacity 118302K, committed 118656K, reserved 1153024K
  class space    used 13906K, capacity 15371K, committed 15488K, reserved 1048576K
Event: 9284.832 GC heap after
Heap after GC invocations=47 (full 6):
 PSYoungGen      total 496640K, used 36560K [0x00000000d5580000, 0x00000000fb880000, 0x0000000100000000)
  eden space 382976K, 0% used [0x00000000d5580000,0x00000000d5580000,0x00000000ecb80000)
  from space 113664K, 32% used [0x00000000ecb80000,0x00000000eef34158,0x00000000f3a80000)
  to   space 110080K, 0% used [0x00000000f4d00000,0x00000000f4d00000,0x00000000fb880000)
 ParOldGen       total 340992K, used 51779K [0x0000000080000000, 0x0000000094d00000, 0x00000000d5580000)
  object space 340992K, 15% used [0x0000000080000000,0x0000000083290ed0,0x0000000094d00000)
 Metaspace       used 109688K, capacity 118302K, committed 118656K, reserved 1153024K
  class space    used 13906K, capacity 15371K, committed 15488K, reserved 1048576K
}
Event: 9287.344 GC heap before
{Heap before GC invocations=48 (full 6):
 PSYoungGen      total 496640K, used 419536K [0x00000000d5580000, 0x00000000fb880000, 0x0000000100000000)
  eden space 382976K, 100% used [0x00000000d5580000,0x00000000ecb80000,0x00000000ecb80000)
  from space 113664K, 32% used [0x00000000ecb80000,0x00000000eef34158,0x00000000f3a80000)
  to   space 110080K, 0% used [0x00000000f4d00000,0x00000000f4d00000,0x00000000fb880000)
 ParOldGen       total 340992K, used 51779K [0x0000000080000000, 0x0000000094d00000, 0x00000000d5580000)
  object space 340992K, 15% used [0x0000000080000000,0x0000000083290ed0,0x0000000094d00000)
 Metaspace       used 109777K, capacity 118392K, committed 118656K, reserved 1153024K
  class space    used 13908K, capacity 15374K, committed 15488K, reserved 1048576K
Event: 9287.371 GC heap after
Heap after GC invocations=48 (full 6):
 PSYoungGen      total 516608K, used 63569K [0x00000000d5580000, 0x00000000fb880000, 0x0000000100000000)
  eden space 406528K, 0% used [0x00000000d5580000,0x00000000d5580000,0x00000000ee280000)
  from space 110080K, 57% used [0x00000000f4d00000,0x00000000f8b145e0,0x00000000fb880000)
  to   space 109056K, 0% used [0x00000000ee280000,0x00000000ee280000,0x00000000f4d00000)
 ParOldGen       total 340992K, used 51787K [0x0000000080000000, 0x0000000094d00000, 0x00000000d5580000)
  object space 340992K, 15% used [0x0000000080000000,0x0000000083292ed0,0x0000000094d00000)
 Metaspace       used 109777K, capacity 118392K, committed 118656K, reserved 1153024K
  class space    used 13908K, capacity 15374K, committed 15488K, reserved 1048576K
}
Event: 9374.071 GC heap before
{Heap before GC invocations=49 (full 6):
 PSYoungGen      total 516608K, used 470097K [0x00000000d5580000, 0x00000000fb880000, 0x0000000100000000)
  eden space 406528K, 100% used [0x00000000d5580000,0x00000000ee280000,0x00000000ee280000)
  from space 110080K, 57% used [0x00000000f4d00000,0x00000000f8b145e0,0x00000000fb880000)
  to   space 109056K, 0% used [0x00000000ee280000,0x00000000ee280000,0x00000000f4d00000)
 ParOldGen       total 340992K, used 51787K [0x0000000080000000, 0x0000000094d00000, 0x00000000d5580000)
  object space 340992K, 15% used [0x0000000080000000,0x0000000083292ed0,0x0000000094d00000)
 Metaspace       used 109876K, capacity 118540K, committed 118912K, reserved 1153024K
  class space    used 13917K, capacity 15388K, committed 15488K, reserved 1048576K
Event: 9374.101 GC heap after
Heap after GC invocations=49 (full 6):
 PSYoungGen      total 436736K, used 42394K [0x00000000d5580000, 0x00000000fa380000, 0x0000000100000000)
  eden space 394240K, 0% used [0x00000000d5580000,0x00000000d5580000,0x00000000ed680000)
  from space 42496K, 99% used [0x00000000ee280000,0x00000000f0be68f8,0x00000000f0c00000)
  to   space 104960K, 0% used [0x00000000f3d00000,0x00000000f3d00000,0x00000000fa380000)
 ParOldGen       total 340992K, used 51795K [0x0000000080000000, 0x0000000094d00000, 0x00000000d5580000)
  object space 340992K, 15% used [0x0000000080000000,0x0000000083294ed0,0x0000000094d00000)
 Metaspace       used 109876K, capacity 118540K, committed 118912K, reserved 1153024K
  class space    used 13917K, capacity 15388K, committed 15488K, reserved 1048576K
}
Event: 9377.174 GC heap before
{Heap before GC invocations=50 (full 6):
 PSYoungGen      total 436736K, used 436634K [0x00000000d5580000, 0x00000000fa380000, 0x0000000100000000)
  eden space 394240K, 100% used [0x00000000d5580000,0x00000000ed680000,0x00000000ed680000)
  from space 42496K, 99% used [0x00000000ee280000,0x00000000f0be68f8,0x00000000f0c00000)
  to   space 104960K, 0% used [0x00000000f3d00000,0x00000000f3d00000,0x00000000fa380000)
 ParOldGen       total 340992K, used 51795K [0x0000000080000000, 0x0000000094d00000, 0x00000000d5580000)
  object space 340992K, 15% used [0x0000000080000000,0x0000000083294ed0,0x0000000094d00000)
 Metaspace       used 109920K, capacity 118604K, committed 118912K, reserved 1153024K
  class space    used 13917K, capacity 15388K, committed 15488K, reserved 1048576K
Event: 9377.233 GC heap after
Heap after GC invocations=50 (full 6):
 PSYoungGen      total 485888K, used 101329K [0x00000000d5580000, 0x00000000fd680000, 0x0000000100000000)
  eden space 380928K, 0% used [0x00000000d5580000,0x00000000d5580000,0x00000000ec980000)
  from space 104960K, 96% used [0x00000000f3d00000,0x00000000f9ff46a0,0x00000000fa380000)
  to   space 118272K, 0% used [0x00000000ec980000,0x00000000ec980000,0x00000000f3d00000)
 ParOldGen       total 340992K, used 51803K [0x0000000080000000, 0x0000000094d00000, 0x00000000d5580000)
  object space 340992K, 15% used [0x0000000080000000,0x0000000083296ed0,0x0000000094d00000)
 Metaspace       used 109920K, capacity 118604K, committed 118912K, reserved 1153024K
  class space    used 13917K, capacity 15388K, committed 15488K, reserved 1048576K
}

